Using pre-set license
Built from '2021.3/staging' branch; Version is '2021.3.14f1 (eee1884e7226) revision 15655304'; Using compiler version '192829333'; Build Type 'Release'
OS: 'Windows 10  (10.0.19044) 64bit Professional' Language: 'ja' Physical Memory: 8109 MB
BatchMode: 1, IsHumanControllingUs: 0, StartBugReporterOnCrash: 0, Is64bit: 1, IsPro: 1

COMMAND LINE ARGUMENTS:
C:\Program Files\Unity\Hub\Editor\2021.3.14f1\Editor\Unity.exe
-adb2
-batchMode
-noUpm
-name
AssetImportWorker0
-projectPath
C:/Users/mikih/Documents/Unity/dome_final
-logFile
Logs/AssetImportWorker0.log
-srvPort
57407
Successfully changed project path to: C:/Users/mikih/Documents/Unity/dome_final
C:/Users/mikih/Documents/Unity/dome_final
[UnityMemory] Configuration Parameters - Can be set up in boot.config
    "memorysetup-bucket-allocator-granularity=16"
    "memorysetup-bucket-allocator-bucket-count=8"
    "memorysetup-bucket-allocator-block-size=33554432"
    "memorysetup-bucket-allocator-block-count=8"
    "memorysetup-main-allocator-block-size=16777216"
    "memorysetup-thread-allocator-block-size=16777216"
    "memorysetup-gfx-main-allocator-block-size=16777216"
    "memorysetup-gfx-thread-allocator-block-size=16777216"
    "memorysetup-cache-allocator-block-size=4194304"
    "memorysetup-typetree-allocator-block-size=2097152"
    "memorysetup-profiler-bucket-allocator-granularity=16"
    "memorysetup-profiler-bucket-allocator-bucket-count=8"
    "memorysetup-profiler-bucket-allocator-block-size=33554432"
    "memorysetup-profiler-bucket-allocator-block-count=8"
    "memorysetup-profiler-allocator-block-size=16777216"
    "memorysetup-profiler-editor-allocator-block-size=1048576"
    "memorysetup-temp-allocator-size-main=16777216"
    "memorysetup-job-temp-allocator-block-size=2097152"
    "memorysetup-job-temp-allocator-block-size-background=1048576"
    "memorysetup-job-temp-allocator-reduction-small-platforms=262144"
    "memorysetup-temp-allocator-size-background-worker=32768"
    "memorysetup-temp-allocator-size-job-worker=262144"
    "memorysetup-temp-allocator-size-preload-manager=33554432"
    "memorysetup-temp-allocator-size-nav-mesh-worker=65536"
    "memorysetup-temp-allocator-size-audio-worker=65536"
    "memorysetup-temp-allocator-size-cloud-worker=32768"
    "memorysetup-temp-allocator-size-gi-baking-worker=262144"
    "memorysetup-temp-allocator-size-gfx=262144"
Refreshing native plugins compatible for Editor in 122.39 ms, found 3 plugins.
Preloading 0 native plugins for Editor in 0.00 ms.
Initialize engine version: 2021.3.14f1 (eee1884e7226)
[Subsystems] Discovering subsystems at path C:/Program Files/Unity/Hub/Editor/2021.3.14f1/Editor/Data/Resources/UnitySubsystems
[Subsystems] Discovering subsystems at path C:/Users/mikih/Documents/Unity/dome_final/Assets
GfxDevice: creating device client; threaded=0; jobified=0
Direct3D:
    Version:  Direct3D 11.0 [level 11.1]
    Renderer: Intel(R) HD Graphics 620 (ID=0x5916)
    Vendor:   Intel
    VRAM:     4054 MB
    Driver:   27.20.100.8682
Initialize mono
Mono path[0] = 'C:/Program Files/Unity/Hub/Editor/2021.3.14f1/Editor/Data/Managed'
Mono path[1] = 'C:/Program Files/Unity/Hub/Editor/2021.3.14f1/Editor/Data/MonoBleedingEdge/lib/mono/unityjit-win32'
Mono config path = 'C:/Program Files/Unity/Hub/Editor/2021.3.14f1/Editor/Data/MonoBleedingEdge/etc'
Using monoOptions --debugger-agent=transport=dt_socket,embedding=1,server=y,suspend=n,address=127.0.0.1:56960
Begin MonoManager ReloadAssembly
Registering precompiled unity dll's ...
Register platform support module: C:/Program Files/Unity/Hub/Editor/2021.3.14f1/Editor/Data/PlaybackEngines/WindowsStandaloneSupport/UnityEditor.WindowsStandalone.Extensions.dll
Registered in 0.016459 seconds.
Native extension for WindowsStandalone target not found
Refreshing native plugins compatible for Editor in 147.87 ms, found 3 plugins.
Preloading 0 native plugins for Editor in 0.00 ms.
Mono: successfully reloaded assembly
- Completed reload, in  0.951 seconds
Domain Reload Profiling:
	ReloadAssembly (952ms)
		BeginReloadAssembly (120ms)
			ExecutionOrderSort (0ms)
			DisableScriptedObjects (0ms)
			BackupInstance (0ms)
			ReleaseScriptingObjects (0ms)
			CreateAndSetChildDomain (1ms)
		EndReloadAssembly (666ms)
			LoadAssemblies (116ms)
			RebuildTransferFunctionScriptingTraits (0ms)
			SetupTypeCache (143ms)
			ReleaseScriptCaches (0ms)
			RebuildScriptCaches (42ms)
			SetupLoadedEditorAssemblies (409ms)
				LogAssemblyErrors (0ms)
				InitializePlatformSupportModulesInManaged (12ms)
				SetLoadedEditorAssemblies (0ms)
				RefreshPlugins (148ms)
				BeforeProcessingInitializeOnLoad (2ms)
				ProcessInitializeOnLoadAttributes (180ms)
				ProcessInitializeOnLoadMethodAttributes (67ms)
				AfterProcessingInitializeOnLoad (0ms)
				EditorAssembliesLoaded (0ms)
			ExecutionOrderSort2 (0ms)
			AwakeInstancesAfterBackupRestoration (0ms)
Platform modules already initialized, skipping
Registering precompiled user dll's ...
Registered in 0.008834 seconds.
Begin MonoManager ReloadAssembly
Symbol file LoadedFromMemory doesn't match image C:\Users\mikih\Documents\Unity\dome_final\Library\PackageCache\com.unity.visualscripting@1.7.8\Editor\VisualScripting.Core\Dependencies\YamlDotNet\Unity.VisualScripting.YamlDotNet.dll
Symbol file LoadedFromMemory doesn't match image C:\Users\mikih\Documents\Unity\dome_final\Library\PackageCache\com.unity.visualscripting@1.7.8\Editor\VisualScripting.Core\Dependencies\DotNetZip\Unity.VisualScripting.IonicZip.dll
Native extension for WindowsStandalone target not found
Refreshing native plugins compatible for Editor in 0.76 ms, found 3 plugins.
Preloading 0 native plugins for Editor in 0.00 ms.
Mono: successfully reloaded assembly
- Completed reload, in  1.503 seconds
Domain Reload Profiling:
	ReloadAssembly (1504ms)
		BeginReloadAssembly (175ms)
			ExecutionOrderSort (0ms)
			DisableScriptedObjects (8ms)
			BackupInstance (0ms)
			ReleaseScriptingObjects (0ms)
			CreateAndSetChildDomain (27ms)
		EndReloadAssembly (1130ms)
			LoadAssemblies (115ms)
			RebuildTransferFunctionScriptingTraits (0ms)
			SetupTypeCache (368ms)
			ReleaseScriptCaches (1ms)
			RebuildScriptCaches (69ms)
			SetupLoadedEditorAssemblies (512ms)
				LogAssemblyErrors (0ms)
				InitializePlatformSupportModulesInManaged (8ms)
				SetLoadedEditorAssemblies (1ms)
				RefreshPlugins (1ms)
				BeforeProcessingInitializeOnLoad (131ms)
				ProcessInitializeOnLoadAttributes (324ms)
				ProcessInitializeOnLoadMethodAttributes (36ms)
				AfterProcessingInitializeOnLoad (11ms)
				EditorAssembliesLoaded (0ms)
			ExecutionOrderSort2 (0ms)
			AwakeInstancesAfterBackupRestoration (8ms)
Platform modules already initialized, skipping
========================================================================
Worker process is ready to serve import requests
Launched and connected shader compiler UnityShaderCompiler.exe after 0.08 seconds
Refreshing native plugins compatible for Editor in 0.62 ms, found 3 plugins.
Preloading 0 native plugins for Editor in 0.00 ms.
Unloading 3358 Unused Serialized files (Serialized files now loaded: 0)
Unloading 27 unused Assets / (113.8 KB). Loaded Objects now: 3815.
Memory consumption went from 120.4 MB to 120.3 MB.
Total: 3.907200 ms (FindLiveObjects: 0.359000 ms CreateObjectMapping: 0.279200 ms MarkObjects: 3.136900 ms  DeleteObjects: 0.130800 ms)

AssetImportParameters requested are different than current active one (requested -> active):
  custom:video-decoder-ogg-theora: a1e56fd34408186e4bbccfd4996cb3dc -> 
  custom:container-muxer-webm: aa71ff27fc2769a1b78a27578f13a17b -> 
  custom:container-demuxer-webm: 4f35f7cbe854078d1ac9338744f61a02 -> 
  custom:video-encoder-webm-vp8: eb34c28f22e8b96e1ab97ce403110664 -> 
  custom:audio-encoder-webm-vorbis: bf7c407c2cedff20999df2af8eb42d56 -> 
  custom:framework-win-MediaFoundation: 216162199b28c13a410421893ffa2e32 -> 
  custom:container-demuxer-ogg: 62fdf1f143b41e24485cea50d1cbac27 -> 
  custom:video-decoder-webm-vp8: 9c59270c3fd7afecdb556c50c9e8de78 -> 
  custom:audio-decoder-ogg-vorbis: bf7c407c2cedff20999df2af8eb42d56 -> 
========================================================================
Received Import Request.
  Time since last request: 443734.941327 seconds.
  path: Assets/KMP_assets/Mat
  artifactKey: Guid(17ab2e488d1da744fb6de1445dde467d) Importer(815301076,1909f56bfc062723c751e8b465ee728b)
Start importing Assets/KMP_assets/Mat using Guid(17ab2e488d1da744fb6de1445dde467d) Importer(815301076,1909f56bfc062723c751e8b465ee728b)  -> (artifact id: '27b79943cf295bf1da182caf70fb4212') in 0.019898 seconds 
========================================================================
Received Import Request.
  Time since last request: 0.000035 seconds.
  path: Assets/KMP_assets/Mat/Chara/HandandLeg.mat
  artifactKey: Guid(05554cbff60462f4d9f4dfdf9fbeab39) Importer(815301076,1909f56bfc062723c751e8b465ee728b)
Start importing Assets/KMP_assets/Mat/Chara/HandandLeg.mat using Guid(05554cbff60462f4d9f4dfdf9fbeab39) Importer(815301076,1909f56bfc062723c751e8b465ee728b)  -> (artifact id: '1cf7e5b97a2864c332c6a190dedf8cc3') in 0.231715 seconds 
========================================================================
Received Import Request.
  Time since last request: 0.000054 seconds.
  path: Assets/KMP_assets/Mat/Chara
  artifactKey: Guid(6395afa37d838024cb0bb3941ae2a9ff) Importer(815301076,1909f56bfc062723c751e8b465ee728b)
Start importing Assets/KMP_assets/Mat/Chara using Guid(6395afa37d838024cb0bb3941ae2a9ff) Importer(815301076,1909f56bfc062723c751e8b465ee728b)  -> (artifact id: '38e5b3caf95e9180edafa6e0bfc252b9') in 0.014498 seconds 
========================================================================
Received Import Request.
  Time since last request: 0.000087 seconds.
  path: Assets/KMP_assets/Mat/Chara/Body1.mat
  artifactKey: Guid(c6dcc5ff5bf600c45a3647c1aec7c947) Importer(815301076,1909f56bfc062723c751e8b465ee728b)
Start importing Assets/KMP_assets/Mat/Chara/Body1.mat using Guid(c6dcc5ff5bf600c45a3647c1aec7c947) Importer(815301076,1909f56bfc062723c751e8b465ee728b)  -> (artifact id: '6b0c3bc4b4f8b77f80e1303fce05fab8') in 0.045542 seconds 
========================================================================
Received Import Request.
  Time since last request: 0.000054 seconds.
  path: Assets/KMP_assets/Mat/Chara/Nakami.mat
  artifactKey: Guid(0ac8a7882bfb5c54abb1a14ed1dbb10a) Importer(815301076,1909f56bfc062723c751e8b465ee728b)
Start importing Assets/KMP_assets/Mat/Chara/Nakami.mat using Guid(0ac8a7882bfb5c54abb1a14ed1dbb10a) Importer(815301076,1909f56bfc062723c751e8b465ee728b)  -> (artifact id: '9df80bb79e069e73253c4aed0f4d37c4') in 0.045948 seconds 
========================================================================
Received Import Request.
  Time since last request: 0.000032 seconds.
  path: Assets/KMP_assets/Mat/Chara/Eye.mat
  artifactKey: Guid(54392e278d1376843b4c7f56053c57eb) Importer(815301076,1909f56bfc062723c751e8b465ee728b)
Start importing Assets/KMP_assets/Mat/Chara/Eye.mat using Guid(54392e278d1376843b4c7f56053c57eb) Importer(815301076,1909f56bfc062723c751e8b465ee728b)  -> (artifact id: '6b0aa71b43eecb04a9a04eafb12fdd37') in 0.038973 seconds 
========================================================================
Received Import Request.
  Time since last request: 6.832666 seconds.
  path: Assets/KMP_assets/Mat/Box/Box.mat
  artifactKey: Guid(4eadd1de910c1514b9d433e4cbfc163d) Importer(815301076,1909f56bfc062723c751e8b465ee728b)
Start importing Assets/KMP_assets/Mat/Box/Box.mat using Guid(4eadd1de910c1514b9d433e4cbfc163d) Importer(815301076,1909f56bfc062723c751e8b465ee728b)  -> (artifact id: 'b52593d2a32f1ffdaab63ce19deeb6ed') in 0.090931 seconds 
========================================================================
Received Import Request.
  Time since last request: 0.922066 seconds.
  path: Assets/KMP_assets/Mat/belt/belt.mat
  artifactKey: Guid(5c253478c8ad9c14fbb2137567e21248) Importer(815301076,1909f56bfc062723c751e8b465ee728b)
Start importing Assets/KMP_assets/Mat/belt/belt.mat using Guid(5c253478c8ad9c14fbb2137567e21248) Importer(815301076,1909f56bfc062723c751e8b465ee728b)  -> (artifact id: 'ece0edb03d3495f7fa937ce2db95ce4a') in 0.070088 seconds 
========================================================================
Received Import Request.
  Time since last request: 5.285678 seconds.
  path: Assets/KMP_assets/Mat/hoko/hako.mat
  artifactKey: Guid(6db6cc7165418a149b06d319eae1522b) Importer(815301076,1909f56bfc062723c751e8b465ee728b)
Start importing Assets/KMP_assets/Mat/hoko/hako.mat using Guid(6db6cc7165418a149b06d319eae1522b) Importer(815301076,1909f56bfc062723c751e8b465ee728b)  -> (artifact id: '12345af4789e6d4f160e3f5b92bf4eb6') in 0.066288 seconds 
